# JRE version: OpenJDK Runtime Environment GraalVM CE 22.3.0 (17.0.5+8) (build 17.0.5+8-jvmci-22.3-b08)
# Java VM: OpenJDK 64-Bit Server VM GraalVM CE 22.3.0 (17.0.5+8-jvmci-22.3-b08, mixed mode, sharing, tiered, jvmci, jvmci compiler, compressed oops, compressed class ptrs, parallel gc, linux-amd64)
GC Precious Log:
 CPUs: 8 total, 1 available
 Memory: 1024M
 Large Page Support: Disabled
 NUMA Support: Disabled
 Compressed Oops: Enabled (32-bit)
 Alignments: Space 512K, Generation 512K, Heap 2M
 Heap Min Capacity: 100M
 Heap Initial Capacity: 100M
 Heap Max Capacity: 512M
 Pre-touch: Disabled
 Parallel Workers: 1
Heap:
 PSYoungGen      total 36864K, used 27308K [0x00000000f5580000, 0x00000000f9d80000, 0x0000000100000000)
  eden space 17920K, 100% used [0x00000000f5580000,0x00000000f6700000,0x00000000f6700000)
  from space 18944K, 49% used [0x00000000f8200000,0x00000000f8b2b2b8,0x00000000f9480000)
  to   space 27648K, 0% used [0x00000000f6700000,0x00000000f6700000,0x00000000f8200000)
 ParOldGen       total 349696K, used 349694K [0x00000000e0000000, 0x00000000f5580000, 0x00000000f5580000)
  object space 349696K, 99% used [0x00000000e0000000,0x00000000f557fa08,0x00000000f5580000)
 Metaspace       used 59085K, committed 60096K, reserved 1105920K
  class space    used 5886K, committed 6272K, reserved 1048576K
GC Heap History (20 events):
Event: 1971.626 GC heap before
{Heap before GC invocations=972 (full 850):
 PSYoungGen      total 36864K, used 27368K [0x00000000f5580000, 0x00000000f9d80000, 0x0000000100000000)
  eden space 17920K, 99% used [0x00000000f5580000,0x00000000f66fffb0,0x00000000f6700000)
  from space 18944K, 49% used [0x00000000f8200000,0x00000000f8b3a268,0x00000000f9480000)
  to   space 27648K, 0% used [0x00000000f6700000,0x00000000f6700000,0x00000000f8200000)
 ParOldGen       total 349696K, used 349535K [0x00000000e0000000, 0x00000000f5580000, 0x00000000f5580000)
  object space 349696K, 99% used [0x00000000e0000000,0x00000000f5557d48,0x00000000f5580000)
 Metaspace       used 59088K, committed 60096K, reserved 1105920K
  class space    used 5887K, committed 6272K, reserved 1048576K
}
Event: 1973.350 GC heap after
{Heap after GC invocations=972 (full 850):
 PSYoungGen      total 36864K, used 27367K [0x00000000f5580000, 0x00000000f9d80000, 0x0000000100000000)
  eden space 17920K, 99% used [0x00000000f5580000,0x00000000f66ffc00,0x00000000f6700000)
  from space 18944K, 49% used [0x00000000f8200000,0x00000000f8b3a268,0x00000000f9480000)
  to   space 27648K, 0% used [0x00000000f6700000,0x00000000f6700000,0x00000000f8200000)
 ParOldGen       total 349696K, used 349508K [0x00000000e0000000, 0x00000000f5580000, 0x00000000f5580000)
  object space 349696K, 99% used [0x00000000e0000000,0x00000000f55512d8,0x00000000f5580000)
 Metaspace       used 59085K, committed 60096K, reserved 1105920K
  class space    used 5886K, committed 6272K, reserved 1048576K
}
Event: 1973.354 GC heap before
{Heap before GC invocations=973 (full 851):
 PSYoungGen      total 36864K, used 27368K [0x00000000f5580000, 0x00000000f9d80000, 0x0000000100000000)
  eden space 17920K, 99% used [0x00000000f5580000,0x00000000f66ffff8,0x00000000f6700000)
  from space 18944K, 49% used [0x00000000f8200000,0x00000000f8b3a268,0x00000000f9480000)
  to   space 27648K, 0% used [0x00000000f6700000,0x00000000f6700000,0x00000000f8200000)
 ParOldGen       total 349696K, used 349691K [0x00000000e0000000, 0x00000000f5580000, 0x00000000f5580000)
  object space 349696K, 99% used [0x00000000e0000000,0x00000000f557ef80,0x00000000f5580000)
 Metaspace       used 59085K, committed 60096K, reserved 1105920K
  class space    used 5886K, committed 6272K, reserved 1048576K
}
Event: 1975.027 GC heap after
{Heap after GC invocations=973 (full 851):
 PSYoungGen      total 36864K, used 27307K [0x00000000f5580000, 0x00000000f9d80000, 0x0000000100000000)
  eden space 17920K, 99% used [0x00000000f5580000,0x00000000f66ffbf8,0x00000000f6700000)
  from space 18944K, 49% used [0x00000000f8200000,0x00000000f8b2b320,0x00000000f9480000)
  to   space 27648K, 0% used [0x00000000f6700000,0x00000000f6700000,0x00000000f8200000)
 ParOldGen       total 349696K, used 349691K [0x00000000e0000000, 0x00000000f5580000, 0x00000000f5580000)
  object space 349696K, 99% used [0x00000000e0000000,0x00000000f557ef08,0x00000000f5580000)
 Metaspace       used 59085K, committed 60096K, reserved 1105920K
  class space    used 5886K, committed 6272K, reserved 1048576K
}
Event: 1975.031 GC heap before
{Heap before GC invocations=974 (full 852):
 PSYoungGen      total 36864K, used 27308K [0x00000000f5580000, 0x00000000f9d80000, 0x0000000100000000)
  eden space 17920K, 99% used [0x00000000f5580000,0x00000000f66ffe88,0x00000000f6700000)
  from space 18944K, 49% used [0x00000000f8200000,0x00000000f8b2b320,0x00000000f9480000)
  to   space 27648K, 0% used [0x00000000f6700000,0x00000000f6700000,0x00000000f8200000)
 ParOldGen       total 349696K, used 349691K [0x00000000e0000000, 0x00000000f5580000, 0x00000000f5580000)
  object space 349696K, 99% used [0x00000000e0000000,0x00000000f557ef08,0x00000000f5580000)
 Metaspace       used 59085K, committed 60096K, reserved 1105920K
  class space    used 5886K, committed 6272K, reserved 1048576K
}
Event: 1976.807 GC heap after
{Heap after GC invocations=974 (full 852):
 PSYoungGen      total 36864K, used 27308K [0x00000000f5580000, 0x00000000f9d80000, 0x0000000100000000)
  eden space 17920K, 99% used [0x00000000f5580000,0x00000000f66ffd38,0x00000000f6700000)
  from space 18944K, 49% used [0x00000000f8200000,0x00000000f8b2b320,0x00000000f9480000)
  to   space 27648K, 0% used [0x00000000f6700000,0x00000000f6700000,0x00000000f8200000)
 ParOldGen       total 349696K, used 349691K [0x00000000e0000000, 0x00000000f5580000, 0x00000000f5580000)
  object space 349696K, 99% used [0x00000000e0000000,0x00000000f557ee90,0x00000000f5580000)
 Metaspace       used 59085K, committed 60096K, reserved 1105920K
  class space    used 5886K, committed 6272K, reserved 1048576K
}
Event: 1976.810 GC heap before
{Heap before GC invocations=975 (full 853):
 PSYoungGen      total 36864K, used 27308K [0x00000000f5580000, 0x00000000f9d80000, 0x0000000100000000)
  eden space 17920K, 99% used [0x00000000f5580000,0x00000000f66fffe8,0x00000000f6700000)
  from space 18944K, 49% used [0x00000000f8200000,0x00000000f8b2b320,0x00000000f9480000)
  to   space 27648K, 0% used [0x00000000f6700000,0x00000000f6700000,0x00000000f8200000)
 ParOldGen       total 349696K, used 349691K [0x00000000e0000000, 0x00000000f5580000, 0x00000000f5580000)
  object space 349696K, 99% used [0x00000000e0000000,0x00000000f557ee90,0x00000000f5580000)
 Metaspace       used 59085K, committed 60096K, reserved 1105920K
  class space    used 5886K, committed 6272K, reserved 1048576K
}
Event: 1978.449 GC heap after
{Heap after GC invocations=975 (full 853):
 PSYoungGen      total 36864K, used 27308K [0x00000000f5580000, 0x00000000f9d80000, 0x0000000100000000)
  eden space 17920K, 99% used [0x00000000f5580000,0x00000000f66ffda8,0x00000000f6700000)
  from space 18944K, 49% used [0x00000000f8200000,0x00000000f8b2b320,0x00000000f9480000)
  to   space 27648K, 0% used [0x00000000f6700000,0x00000000f6700000,0x00000000f8200000)
 ParOldGen       total 349696K, used 349691K [0x00000000e0000000, 0x00000000f5580000, 0x00000000f5580000)
  object space 349696K, 99% used [0x00000000e0000000,0x00000000f557ee90,0x00000000f5580000)
 Metaspace       used 59085K, committed 60096K, reserved 1105920K
  class space    used 5886K, committed 6272K, reserved 1048576K
}
Event: 1978.454 GC heap before
{Heap before GC invocations=976 (full 854):
 PSYoungGen      total 36864K, used 27308K [0x00000000f5580000, 0x00000000f9d80000, 0x0000000100000000)
  eden space 17920K, 99% used [0x00000000f5580000,0x00000000f66ffe88,0x00000000f6700000)
  from space 18944K, 49% used [0x00000000f8200000,0x00000000f8b2b320,0x00000000f9480000)
  to   space 27648K, 0% used [0x00000000f6700000,0x00000000f6700000,0x00000000f8200000)
 ParOldGen       total 349696K, used 349691K [0x00000000e0000000, 0x00000000f5580000, 0x00000000f5580000)
  object space 349696K, 99% used [0x00000000e0000000,0x00000000f557ee90,0x00000000f5580000)
 Metaspace       used 59085K, committed 60096K, reserved 1105920K
  class space    used 5886K, committed 6272K, reserved 1048576K
}
Event: 1980.110 GC heap after
{Heap after GC invocations=976 (full 854):
 PSYoungGen      total 36864K, used 27308K [0x00000000f5580000, 0x00000000f9d80000, 0x0000000100000000)
  eden space 17920K, 99% used [0x00000000f5580000,0x00000000f66ffdf8,0x00000000f6700000)
  from space 18944K, 49% used [0x00000000f8200000,0x00000000f8b2b320,0x00000000f9480000)
  to   space 27648K, 0% used [0x00000000f6700000,0x00000000f6700000,0x00000000f8200000)
 ParOldGen       total 349696K, used 349691K [0x00000000e0000000, 0x00000000f5580000, 0x00000000f5580000)
  object space 349696K, 99% used [0x00000000e0000000,0x00000000f557ee70,0x00000000f5580000)
 Metaspace       used 59085K, committed 60096K, reserved 1105920K
  class space    used 5886K, committed 6272K, reserved 1048576K
}
Event: 1980.112 GC heap before
{Heap before GC invocations=977 (full 855):
 PSYoungGen      total 36864K, used 27308K [0x00000000f5580000, 0x00000000f9d80000, 0x0000000100000000)
  eden space 17920K, 99% used [0x00000000f5580000,0x00000000f66ffff0,0x00000000f6700000)
  from space 18944K, 49% used [0x00000000f8200000,0x00000000f8b2b320,0x00000000f9480000)
  to   space 27648K, 0% used [0x00000000f6700000,0x00000000f6700000,0x00000000f8200000)
 ParOldGen       total 349696K, used 349695K [0x00000000e0000000, 0x00000000f5580000, 0x00000000f5580000)
  object space 349696K, 99% used [0x00000000e0000000,0x00000000f557fdb0,0x00000000f5580000)
 Metaspace       used 59085K, committed 60096K, reserved 1105920K
  class space    used 5886K, committed 6272K, reserved 1048576K
}
Event: 1982.009 GC heap after
{Heap after GC invocations=977 (full 855):
 PSYoungGen      total 36864K, used 27307K [0x00000000f5580000, 0x00000000f9d80000, 0x0000000100000000)
  eden space 17920K, 99% used [0x00000000f5580000,0x00000000f66ffbc0,0x00000000f6700000)
  from space 18944K, 49% used [0x00000000f8200000,0x00000000f8b2b2b8,0x00000000f9480000)
  to   space 27648K, 0% used [0x00000000f6700000,0x00000000f6700000,0x00000000f8200000)
 ParOldGen       total 349696K, used 349693K [0x00000000e0000000, 0x00000000f5580000, 0x00000000f5580000)
  object space 349696K, 99% used [0x00000000e0000000,0x00000000f557f778,0x00000000f5580000)
 Metaspace       used 59085K, committed 60096K, reserved 1105920K
  class space    used 5886K, committed 6272K, reserved 1048576K
}
Event: 1982.017 GC heap before
{Heap before GC invocations=978 (full 856):
 PSYoungGen      total 36864K, used 27308K [0x00000000f5580000, 0x00000000f9d80000, 0x0000000100000000)
  eden space 17920K, 99% used [0x00000000f5580000,0x00000000f66ffff8,0x00000000f6700000)
  from space 18944K, 49% used [0x00000000f8200000,0x00000000f8b2b2b8,0x00000000f9480000)
  to   space 27648K, 0% used [0x00000000f6700000,0x00000000f6700000,0x00000000f8200000)
 ParOldGen       total 349696K, used 349693K [0x00000000e0000000, 0x00000000f5580000, 0x00000000f5580000)
  object space 349696K, 99% used [0x00000000e0000000,0x00000000f557f778,0x00000000f5580000)
 Metaspace       used 59085K, committed 60096K, reserved 1105920K
  class space    used 5886K, committed 6272K, reserved 1048576K
}
Event: 1983.544 GC heap after
{Heap after GC invocations=978 (full 856):
 PSYoungGen      total 36864K, used 27308K [0x00000000f5580000, 0x00000000f9d80000, 0x0000000100000000)
  eden space 17920K, 99% used [0x00000000f5580000,0x00000000f66ffed8,0x00000000f6700000)
  from space 18944K, 49% used [0x00000000f8200000,0x00000000f8b2b2b8,0x00000000f9480000)
  to   space 27648K, 0% used [0x00000000f6700000,0x00000000f6700000,0x00000000f8200000)
 ParOldGen       total 349696K, used 349693K [0x00000000e0000000, 0x00000000f5580000, 0x00000000f5580000)
  object space 349696K, 99% used [0x00000000e0000000,0x00000000f557f640,0x00000000f5580000)
 Metaspace       used 59085K, committed 60096K, reserved 1105920K
  class space    used 5886K, committed 6272K, reserved 1048576K
}
Event: 1983.547 GC heap before
{Heap before GC invocations=979 (full 857):
 PSYoungGen      total 36864K, used 27308K [0x00000000f5580000, 0x00000000f9d80000, 0x0000000100000000)
  eden space 17920K, 99% used [0x00000000f5580000,0x00000000f66ffff8,0x00000000f6700000)
  from space 18944K, 49% used [0x00000000f8200000,0x00000000f8b2b2b8,0x00000000f9480000)
  to   space 27648K, 0% used [0x00000000f6700000,0x00000000f6700000,0x00000000f8200000)
 ParOldGen       total 349696K, used 349693K [0x00000000e0000000, 0x00000000f5580000, 0x00000000f5580000)
  object space 349696K, 99% used [0x00000000e0000000,0x00000000f557f640,0x00000000f5580000)
 Metaspace       used 59085K, committed 60096K, reserved 1105920K
  class space    used 5886K, committed 6272K, reserved 1048576K
}
Event: 1985.325 GC heap after
{Heap after GC invocations=979 (full 857):
 PSYoungGen      total 36864K, used 27308K [0x00000000f5580000, 0x00000000f9d80000, 0x0000000100000000)
  eden space 17920K, 99% used [0x00000000f5580000,0x00000000f66ffef8,0x00000000f6700000)
  from space 18944K, 49% used [0x00000000f8200000,0x00000000f8b2b2b8,0x00000000f9480000)
  to   space 27648K, 0% used [0x00000000f6700000,0x00000000f6700000,0x00000000f8200000)
 ParOldGen       total 349696K, used 349693K [0x00000000e0000000, 0x00000000f5580000, 0x00000000f5580000)
  object space 349696K, 99% used [0x00000000e0000000,0x00000000f557f620,0x00000000f5580000)
 Metaspace       used 59085K, committed 60096K, reserved 1105920K
  class space    used 5886K, committed 6272K, reserved 1048576K
}
Event: 1985.337 GC heap before
{Heap before GC invocations=980 (full 858):
 PSYoungGen      total 36864K, used 27308K [0x00000000f5580000, 0x00000000f9d80000, 0x0000000100000000)
  eden space 17920K, 99% used [0x00000000f5580000,0x00000000f66fff98,0x00000000f6700000)
  from space 18944K, 49% used [0x00000000f8200000,0x00000000f8b2b2b8,0x00000000f9480000)
  to   space 27648K, 0% used [0x00000000f6700000,0x00000000f6700000,0x00000000f8200000)
 ParOldGen       total 349696K, used 349693K [0x00000000e0000000, 0x00000000f5580000, 0x00000000f5580000)
  object space 349696K, 99% used [0x00000000e0000000,0x00000000f557f620,0x00000000f5580000)
 Metaspace       used 59085K, committed 60096K, reserved 1105920K
  class space    used 5886K, committed 6272K, reserved 1048576K
}
Event: 1986.850 GC heap after
{Heap after GC invocations=980 (full 858):
 PSYoungGen      total 36864K, used 27308K [0x00000000f5580000, 0x00000000f9d80000, 0x0000000100000000)
  eden space 17920K, 99% used [0x00000000f5580000,0x00000000f66ffef8,0x00000000f6700000)
  from space 18944K, 49% used [0x00000000f8200000,0x00000000f8b2b2b8,0x00000000f9480000)
  to   space 27648K, 0% used [0x00000000f6700000,0x00000000f6700000,0x00000000f8200000)
 ParOldGen       total 349696K, used 349693K [0x00000000e0000000, 0x00000000f5580000, 0x00000000f5580000)
  object space 349696K, 99% used [0x00000000e0000000,0x00000000f557f620,0x00000000f5580000)
 Metaspace       used 59085K, committed 60096K, reserved 1105920K
  class space    used 5886K, committed 6272K, reserved 1048576K
}
Event: 1986.850 GC heap before
{Heap before GC invocations=981 (full 859):
 PSYoungGen      total 36864K, used 27308K [0x00000000f5580000, 0x00000000f9d80000, 0x0000000100000000)
  eden space 17920K, 99% used [0x00000000f5580000,0x00000000f66ffef8,0x00000000f6700000)
  from space 18944K, 49% used [0x00000000f8200000,0x00000000f8b2b2b8,0x00000000f9480000)
  to   space 27648K, 0% used [0x00000000f6700000,0x00000000f6700000,0x00000000f8200000)
 ParOldGen       total 349696K, used 349693K [0x00000000e0000000, 0x00000000f5580000, 0x00000000f5580000)
  object space 349696K, 99% used [0x00000000e0000000,0x00000000f557f620,0x00000000f5580000)
 Metaspace       used 59085K, committed 60096K, reserved 1105920K
  class space    used 5886K, committed 6272K, reserved 1048576K
}
Event: 1989.305 GC heap after
{Heap after GC invocations=981 (full 859):
 PSYoungGen      total 36864K, used 27308K [0x00000000f5580000, 0x00000000f9d80000, 0x0000000100000000)
  eden space 17920K, 99% used [0x00000000f5580000,0x00000000f66ffef8,0x00000000f6700000)
  from space 18944K, 49% used [0x00000000f8200000,0x00000000f8b2b2b8,0x00000000f9480000)
  to   space 27648K, 0% used [0x00000000f6700000,0x00000000f6700000,0x00000000f8200000)
 ParOldGen       total 349696K, used 349693K [0x00000000e0000000, 0x00000000f5580000, 0x00000000f5580000)
  object space 349696K, 99% used [0x00000000e0000000,0x00000000f557f620,0x00000000f5580000)
 Metaspace       used 59085K, committed 60096K, reserved 1105920K
  class space    used 5886K, committed 6272K, reserved 1048576K
}

